C:\Program Files\Microsoft Visual Studio\2022\Community\MSBuild\Microsoft\VC\v170\Microsoft.CppBuild.targets(517,5): warning MSB8004: Output Directory does not end with a trailing slash.  This build instance will add the slash as it is required to allow proper evaluation of the Output Directory.
  timer.cpp
/timer.cpp(1,1): error C1083: Cannot open source file: '..\..\..\timer.cpp': No such file or directory
  (compiling source file '/timer.cpp')
  
  gameobject.cpp
C:\Users\Mirto\OneDrive\Υπολογιστής\3210085-3210011\project\gamestate.h(3,10): error C1083: Cannot open include file: 'sgg/graphics.h': No such file or directory
  (compiling source file 'gameobject.cpp')
  
  gamestate.cpp
C:\Users\Mirto\OneDrive\Υπολογιστής\3210085-3210011\project\gamestate.h(3,10): error C1083: Cannot open include file: 'sgg/graphics.h': No such file or directory
  (compiling source file 'gamestate.cpp')
  
  level.cpp
C:\Users\Mirto\OneDrive\Υπολογιστής\3210085-3210011\project\player.h(5,10): error C1083: Cannot open include file: 'sgg/graphics.h': No such file or directory
  (compiling source file 'level.cpp')
  
  main.cpp
C:\Users\Mirto\OneDrive\Υπολογιστής\3210085-3210011\project\main.cpp(1,10): error C1083: Cannot open include file: 'sgg/graphics.h': No such file or directory
  MiniMushroom.cpp
C:\Users\Mirto\OneDrive\Υπολογιστής\3210085-3210011\project\player.h(5,10): error C1083: Cannot open include file: 'sgg/graphics.h': No such file or directory
  (compiling source file 'MiniMushroom.cpp')
  
  player.cpp
C:\Users\Mirto\OneDrive\Υπολογιστής\3210085-3210011\project\player.cpp(1,10): error C1083: Cannot open include file: 'sgg/graphics.h': No such file or directory
  Generating Code...
